<?xml version="1.0" encoding="UTF-8"?>
<!-- Generated by org.testng.reporters.JUnitReportReporter -->
<testsuite hostname="DESKTOP-QR8SFDD" failures="0" tests="1" name="testNG.Annotation.InvocationCountExample" time="0.014" errors="0" timestamp="2024-03-04T19:03:57 IST" skipped="0">
  <testcase classname="testNG.Annotation.InvocationCountExample" name="iCountExample" time="0.014"/>
</testsuite> <!-- testNG.Annotation.InvocationCountExample -->
