<?xml version="1.0" encoding="UTF-8"?>
<!-- Generated by org.testng.reporters.JUnitReportReporter -->
<testsuite hostname="DESKTOP-QR8SFDD" failures="0" tests="6" name="testNG.Priority.PriorityExample" time="0.009" errors="0" timestamp="2024-03-04T19:03:57 IST" skipped="0">
  <testcase classname="testNG.Priority.PriorityExample" name="testScriptB" time="0.006"/>
  <testcase classname="testNG.Priority.PriorityExample" name="testScriptD" time="0.000"/>
  <testcase classname="testNG.Priority.PriorityExample" name="testScriptC" time="0.001"/>
  <testcase classname="testNG.Priority.PriorityExample" name="testScriptA" time="0.001"/>
  <testcase classname="testNG.Priority.PriorityExample" name="testScriptF" time="0.000"/>
  <testcase classname="testNG.Priority.PriorityExample" name="testScriptE" time="0.001"/>
</testsuite> <!-- testNG.Priority.PriorityExample -->
