<?xml version="1.0" encoding="UTF-8"?>
<!-- Generated by org.testng.reporters.JUnitReportReporter -->
<testsuite hostname="DESKTOP-QR8SFDD" failures="0" tests="6" name="testNG.Priority.WithoutPriorityExample" time="0.005" errors="0" timestamp="2024-03-04T19:03:57 IST" skipped="0">
  <testcase classname="testNG.Priority.WithoutPriorityExample" name="testScriptB" time="0.001"/>
  <testcase classname="testNG.Priority.WithoutPriorityExample" name="testScriptF" time="0.001"/>
  <testcase classname="testNG.Priority.WithoutPriorityExample" name="testScriptC" time="0.001"/>
  <testcase classname="testNG.Priority.WithoutPriorityExample" name="testScriptD" time="0.001"/>
  <testcase classname="testNG.Priority.WithoutPriorityExample" name="testScriptE" time="0.001"/>
  <testcase classname="testNG.Priority.WithoutPriorityExample" name="testScriptA" time="0.000"/>
</testsuite> <!-- testNG.Priority.WithoutPriorityExample -->
