<?xml version="1.0" encoding="UTF-8"?>
<!-- Generated by org.testng.reporters.JUnitReportReporter -->
<testsuite hostname="DESKTOP-QR8SFDD" failures="0" tests="1" name="testNG.Parameterization.WithParametrizationExample" time="19.934" errors="0" timestamp="2024-03-04T19:03:57 IST" skipped="0">
  <testcase classname="testNG.Parameterization.WithParametrizationExample" name="verifyGoogleSearch" time="19.934"/>
</testsuite> <!-- testNG.Parameterization.WithParametrizationExample -->
