<?xml version="1.0" encoding="UTF-8"?>
<!-- Generated by org.testng.reporters.JUnitReportReporter -->
<testsuite hostname="DESKTOP-QR8SFDD" failures="0" tests="2" name="testNG.Annotation.DependsOnGroupExample" time="0.001" errors="0" timestamp="2024-03-04T19:03:57 IST" skipped="1">
  <testcase classname="testNG.Annotation.DependsOnGroupExample" name="verifyFundsTransfer" time="0.001"/>
  <testcase classname="testNG.Annotation.DependsOnGroupExample" name="verifyCashBackOffer">
    <skipped/>
  </testcase> <!-- verifyCashBackOffer -->
</testsuite> <!-- testNG.Annotation.DependsOnGroupExample -->
