<?xml version="1.0" encoding="UTF-8"?>
<!-- Generated by org.testng.reporters.JUnitReportReporter -->
<testsuite hostname="DESKTOP-QR8SFDD" failures="0" tests="2" name="testNG.BasicTestNGExample" time="10.442" errors="0" timestamp="2024-03-04T19:03:57 IST" skipped="0">
  <testcase classname="testNG.BasicTestNGExample" name="testCase2" time="5.037"/>
  <testcase classname="testNG.BasicTestNGExample" name="testCase1" time="5.405"/>
</testsuite> <!-- testNG.BasicTestNGExample -->
