<?xml version="1.0" encoding="UTF-8"?>
<!-- Generated by org.testng.reporters.JUnitReportReporter -->
<testsuite hostname="DESKTOP-QR8SFDD" failures="0" tests="2" name="testNG.Annotation.BeforeClassAfterClassAnnotation" time="0.011" errors="0" timestamp="2024-03-04T19:03:57 IST" skipped="0">
  <testcase classname="testNG.Annotation.BeforeClassAfterClassAnnotation" name="testCase2" time="0.004"/>
  <testcase classname="testNG.Annotation.BeforeClassAfterClassAnnotation" name="testCase1" time="0.007"/>
</testsuite> <!-- testNG.Annotation.BeforeClassAfterClassAnnotation -->
