<?xml version="1.0" encoding="UTF-8"?>
<!-- Generated by org.testng.reporters.JUnitReportReporter -->
<testsuite hostname="DESKTOP-QR8SFDD" failures="0" tests="2" name="testNG.Annotation.BeforeMethodAfterMethodExample" time="11.884" errors="0" timestamp="2024-03-04T19:03:57 IST" skipped="0">
  <testcase classname="testNG.Annotation.BeforeMethodAfterMethodExample" name="testCase2" time="6.331"/>
  <testcase classname="testNG.Annotation.BeforeMethodAfterMethodExample" name="testCase1" time="5.553"/>
</testsuite> <!-- testNG.Annotation.BeforeMethodAfterMethodExample -->
