<?xml version="1.0" encoding="UTF-8"?>
<!-- Generated by org.testng.reporters.JUnitReportReporter -->
<testsuite hostname="DESKTOP-QR8SFDD" failures="0" tests="2" name="testNG.Annotation.BeforeMethodAfterMethodDemo" time="0.014" errors="0" timestamp="2024-03-04T19:03:56 IST" skipped="0">
  <testcase classname="testNG.Annotation.BeforeMethodAfterMethodDemo" name="testCase2" time="0.010"/>
  <testcase classname="testNG.Annotation.BeforeMethodAfterMethodDemo" name="testCase1" time="0.004"/>
</testsuite> <!-- testNG.Annotation.BeforeMethodAfterMethodDemo -->
